2022-12-13 14:33:23,798 DEBUG    root            Loaded Command Group: ['gcloud', 'components']
2022-12-13 14:33:23,802 DEBUG    root            Loaded Command Group: ['gcloud', 'components', 'update']
2022-12-13 14:33:23,805 DEBUG    root            Running [gcloud.components.update] with arguments: [--allow-no-backup: "True", --quiet: "True", COMPONENT-IDS:7: "['core', 'gcloud-deps', 'bq', 'gcloud', 'gcloud-crc32c', 'gsutil', 'anthoscli']"]
2022-12-13 14:33:23,806 INFO     ___FILE_ONLY___ Beginning update. This process may take several minutes.

2022-12-13 14:33:35,833 DEBUG    urllib3.connectionpool Starting new HTTPS connection (1): dl.google.com:443
2022-12-13 14:33:35,854 DEBUG    urllib3.connectionpool https://dl.google.com:443 "GET /dl/cloudsdk/channels/rapid/components-2.json HTTP/1.1" 200 203441
2022-12-13 14:33:35,871 INFO     ___FILE_ONLY___ 

2022-12-13 14:33:35,871 INFO     ___FILE_ONLY___ 
Your current Google Cloud CLI version is: 411.0.0

2022-12-13 14:33:35,871 INFO     ___FILE_ONLY___ Installing components from version: 411.0.0

2022-12-13 14:33:35,871 INFO     ___FILE_ONLY___ 

2022-12-13 14:33:35,878 INFO     ___FILE_ONLY___ ┌─────────────────────────────────────────────────────────────────────────────┐
2022-12-13 14:33:35,878 INFO     ___FILE_ONLY___ 

2022-12-13 14:33:35,879 INFO     ___FILE_ONLY___ │                     These components will be installed.                     │
2022-12-13 14:33:35,879 INFO     ___FILE_ONLY___ 

2022-12-13 14:33:35,879 INFO     ___FILE_ONLY___ ├─────────────────────────────────────────────────────┬────────────┬──────────┤
2022-12-13 14:33:35,879 INFO     ___FILE_ONLY___ 

2022-12-13 14:33:35,879 INFO     ___FILE_ONLY___ │                         Name                        │  Version   │   Size   │
2022-12-13 14:33:35,879 INFO     ___FILE_ONLY___ 

2022-12-13 14:33:35,879 INFO     ___FILE_ONLY___ ├─────────────────────────────────────────────────────┼────────────┼──────────┤
2022-12-13 14:33:35,879 INFO     ___FILE_ONLY___ 

2022-12-13 14:33:35,879 INFO     ___FILE_ONLY___ │ 
2022-12-13 14:33:35,879 INFO     ___FILE_ONLY___ BigQuery Command Line Tool                         
2022-12-13 14:33:35,879 INFO     ___FILE_ONLY___  
2022-12-13 14:33:35,879 INFO     ___FILE_ONLY___ │ 
2022-12-13 14:33:35,879 INFO     ___FILE_ONLY___     2.0.83
2022-12-13 14:33:35,879 INFO     ___FILE_ONLY___  
2022-12-13 14:33:35,879 INFO     ___FILE_ONLY___ │ 
2022-12-13 14:33:35,880 INFO     ___FILE_ONLY___  1.6 MiB
2022-12-13 14:33:35,880 INFO     ___FILE_ONLY___  
2022-12-13 14:33:35,880 INFO     ___FILE_ONLY___ │
2022-12-13 14:33:35,880 INFO     ___FILE_ONLY___ 

2022-12-13 14:33:35,880 INFO     ___FILE_ONLY___ │ 
2022-12-13 14:33:35,880 INFO     ___FILE_ONLY___ BigQuery Command Line Tool (Platform Specific)     
2022-12-13 14:33:35,880 INFO     ___FILE_ONLY___  
2022-12-13 14:33:35,880 INFO     ___FILE_ONLY___ │ 
2022-12-13 14:33:35,880 INFO     ___FILE_ONLY___     2.0.77
2022-12-13 14:33:35,880 INFO     ___FILE_ONLY___  
2022-12-13 14:33:35,880 INFO     ___FILE_ONLY___ │ 
2022-12-13 14:33:35,880 INFO     ___FILE_ONLY___  < 1 MiB
2022-12-13 14:33:35,880 INFO     ___FILE_ONLY___  
2022-12-13 14:33:35,880 INFO     ___FILE_ONLY___ │
2022-12-13 14:33:35,880 INFO     ___FILE_ONLY___ 

2022-12-13 14:33:35,881 INFO     ___FILE_ONLY___ │ 
2022-12-13 14:33:35,881 INFO     ___FILE_ONLY___ Bundled Python 3.9                                 
2022-12-13 14:33:35,881 INFO     ___FILE_ONLY___  
2022-12-13 14:33:35,881 INFO     ___FILE_ONLY___ │ 
2022-12-13 14:33:35,881 INFO     ___FILE_ONLY___     3.9.12
2022-12-13 14:33:35,881 INFO     ___FILE_ONLY___  
2022-12-13 14:33:35,881 INFO     ___FILE_ONLY___ │ 
2022-12-13 14:33:35,881 INFO     ___FILE_ONLY___ 62.2 MiB
2022-12-13 14:33:35,881 INFO     ___FILE_ONLY___  
2022-12-13 14:33:35,881 INFO     ___FILE_ONLY___ │
2022-12-13 14:33:35,881 INFO     ___FILE_ONLY___ 

2022-12-13 14:33:35,881 INFO     ___FILE_ONLY___ │ 
2022-12-13 14:33:35,881 INFO     ___FILE_ONLY___ Cloud Storage Command Line Tool                    
2022-12-13 14:33:35,881 INFO     ___FILE_ONLY___  
2022-12-13 14:33:35,881 INFO     ___FILE_ONLY___ │ 
2022-12-13 14:33:35,882 INFO     ___FILE_ONLY___       5.17
2022-12-13 14:33:35,882 INFO     ___FILE_ONLY___  
2022-12-13 14:33:35,882 INFO     ___FILE_ONLY___ │ 
2022-12-13 14:33:35,882 INFO     ___FILE_ONLY___ 15.5 MiB
2022-12-13 14:33:35,882 INFO     ___FILE_ONLY___  
2022-12-13 14:33:35,882 INFO     ___FILE_ONLY___ │
2022-12-13 14:33:35,882 INFO     ___FILE_ONLY___ 

2022-12-13 14:33:35,882 INFO     ___FILE_ONLY___ │ 
2022-12-13 14:33:35,882 INFO     ___FILE_ONLY___ Cloud Storage Command Line Tool (Platform Specific)
2022-12-13 14:33:35,882 INFO     ___FILE_ONLY___  
2022-12-13 14:33:35,882 INFO     ___FILE_ONLY___ │ 
2022-12-13 14:33:35,882 INFO     ___FILE_ONLY___       5.13
2022-12-13 14:33:35,882 INFO     ___FILE_ONLY___  
2022-12-13 14:33:35,882 INFO     ___FILE_ONLY___ │ 
2022-12-13 14:33:35,883 INFO     ___FILE_ONLY___  < 1 MiB
2022-12-13 14:33:35,883 INFO     ___FILE_ONLY___  
2022-12-13 14:33:35,883 INFO     ___FILE_ONLY___ │
2022-12-13 14:33:35,883 INFO     ___FILE_ONLY___ 

2022-12-13 14:33:35,883 INFO     ___FILE_ONLY___ │ 
2022-12-13 14:33:35,883 INFO     ___FILE_ONLY___ Google Cloud CLI Core Libraries (Platform Specific)
2022-12-13 14:33:35,883 INFO     ___FILE_ONLY___  
2022-12-13 14:33:35,883 INFO     ___FILE_ONLY___ │ 
2022-12-13 14:33:35,883 INFO     ___FILE_ONLY___ 2022.09.20
2022-12-13 14:33:35,883 INFO     ___FILE_ONLY___  
2022-12-13 14:33:35,883 INFO     ___FILE_ONLY___ │ 
2022-12-13 14:33:35,883 INFO     ___FILE_ONLY___  < 1 MiB
2022-12-13 14:33:35,883 INFO     ___FILE_ONLY___  
2022-12-13 14:33:35,883 INFO     ___FILE_ONLY___ │
2022-12-13 14:33:35,883 INFO     ___FILE_ONLY___ 

2022-12-13 14:33:35,883 INFO     ___FILE_ONLY___ │ 
2022-12-13 14:33:35,884 INFO     ___FILE_ONLY___ Google Cloud CRC32C Hash Tool                      
2022-12-13 14:33:35,884 INFO     ___FILE_ONLY___  
2022-12-13 14:33:35,884 INFO     ___FILE_ONLY___ │ 
2022-12-13 14:33:35,884 INFO     ___FILE_ONLY___      1.0.0
2022-12-13 14:33:35,884 INFO     ___FILE_ONLY___  
2022-12-13 14:33:35,884 INFO     ___FILE_ONLY___ │ 
2022-12-13 14:33:35,884 INFO     ___FILE_ONLY___  1.2 MiB
2022-12-13 14:33:35,884 INFO     ___FILE_ONLY___  
2022-12-13 14:33:35,884 INFO     ___FILE_ONLY___ │
2022-12-13 14:33:35,884 INFO     ___FILE_ONLY___ 

2022-12-13 14:33:35,884 INFO     ___FILE_ONLY___ │ 
2022-12-13 14:33:35,884 INFO     ___FILE_ONLY___ anthoscli                                          
2022-12-13 14:33:35,884 INFO     ___FILE_ONLY___  
2022-12-13 14:33:35,884 INFO     ___FILE_ONLY___ │ 
2022-12-13 14:33:35,884 INFO     ___FILE_ONLY___     0.2.30
2022-12-13 14:33:35,885 INFO     ___FILE_ONLY___  
2022-12-13 14:33:35,885 INFO     ___FILE_ONLY___ │ 
2022-12-13 14:33:35,885 INFO     ___FILE_ONLY___ 39.1 MiB
2022-12-13 14:33:35,885 INFO     ___FILE_ONLY___  
2022-12-13 14:33:35,885 INFO     ___FILE_ONLY___ │
2022-12-13 14:33:35,885 INFO     ___FILE_ONLY___ 

2022-12-13 14:33:35,885 INFO     ___FILE_ONLY___ │ 
2022-12-13 14:33:35,885 INFO     ___FILE_ONLY___ gcloud cli dependencies                            
2022-12-13 14:33:35,885 INFO     ___FILE_ONLY___  
2022-12-13 14:33:35,885 INFO     ___FILE_ONLY___ │ 
2022-12-13 14:33:35,885 INFO     ___FILE_ONLY___ 2021.04.16
2022-12-13 14:33:35,885 INFO     ___FILE_ONLY___  
2022-12-13 14:33:35,885 INFO     ___FILE_ONLY___ │ 
2022-12-13 14:33:35,885 INFO     ___FILE_ONLY___  < 1 MiB
2022-12-13 14:33:35,885 INFO     ___FILE_ONLY___  
2022-12-13 14:33:35,885 INFO     ___FILE_ONLY___ │
2022-12-13 14:33:35,886 INFO     ___FILE_ONLY___ 

2022-12-13 14:33:35,886 INFO     ___FILE_ONLY___ └─────────────────────────────────────────────────────┴────────────┴──────────┘
2022-12-13 14:33:35,886 INFO     ___FILE_ONLY___ 

2022-12-13 14:33:35,886 INFO     ___FILE_ONLY___ 

2022-12-13 14:33:35,888 DEBUG    urllib3.connectionpool Starting new HTTPS connection (1): dl.google.com:443
2022-12-13 14:33:35,908 DEBUG    urllib3.connectionpool https://dl.google.com:443 "GET /dl/cloudsdk/channels/rapid/RELEASE_NOTES HTTP/1.1" 200 910010
2022-12-13 14:33:35,935 INFO     ___FILE_ONLY___ For the latest full release notes, please visit:
  https://cloud.google.com/sdk/release_notes


2022-12-13 14:33:35,941 INFO     ___FILE_ONLY___ ╔════════════════════════════════════════════════════════════╗

2022-12-13 14:33:35,941 INFO     ___FILE_ONLY___ ╠═ Creating update staging area                             ═╣

2022-12-13 14:33:35,942 INFO     ___FILE_ONLY___ ╚
2022-12-13 14:33:35,942 INFO     ___FILE_ONLY___ ══════
2022-12-13 14:33:35,942 INFO     ___FILE_ONLY___ ══════
2022-12-13 14:33:35,942 INFO     ___FILE_ONLY___ ══════
2022-12-13 14:33:36,172 INFO     ___FILE_ONLY___ ═
2022-12-13 14:33:36,233 INFO     ___FILE_ONLY___ ═
2022-12-13 14:33:36,400 INFO     ___FILE_ONLY___ ═
2022-12-13 14:33:36,460 INFO     ___FILE_ONLY___ ═
2022-12-13 14:33:36,501 INFO     ___FILE_ONLY___ ═
2022-12-13 14:33:36,529 INFO     ___FILE_ONLY___ ═
2022-12-13 14:33:36,556 INFO     ___FILE_ONLY___ ═
2022-12-13 14:33:36,585 INFO     ___FILE_ONLY___ ═
2022-12-13 14:33:36,613 INFO     ___FILE_ONLY___ ═
2022-12-13 14:33:36,638 INFO     ___FILE_ONLY___ ═
2022-12-13 14:33:36,716 INFO     ___FILE_ONLY___ ═
2022-12-13 14:33:36,860 INFO     ___FILE_ONLY___ ═
2022-12-13 14:33:36,926 INFO     ___FILE_ONLY___ ═
2022-12-13 14:33:36,975 INFO     ___FILE_ONLY___ ═
2022-12-13 14:33:37,029 INFO     ___FILE_ONLY___ ═
2022-12-13 14:33:37,079 INFO     ___FILE_ONLY___ ═
2022-12-13 14:33:37,134 INFO     ___FILE_ONLY___ ═
2022-12-13 14:33:37,185 INFO     ___FILE_ONLY___ ═
2022-12-13 14:33:37,242 INFO     ___FILE_ONLY___ ═
2022-12-13 14:33:37,294 INFO     ___FILE_ONLY___ ═
2022-12-13 14:33:37,336 INFO     ___FILE_ONLY___ ═
2022-12-13 14:33:37,390 INFO     ___FILE_ONLY___ ═
2022-12-13 14:33:37,447 INFO     ___FILE_ONLY___ ═
2022-12-13 14:33:37,497 INFO     ___FILE_ONLY___ ═
2022-12-13 14:33:37,547 INFO     ___FILE_ONLY___ ═
2022-12-13 14:33:37,610 INFO     ___FILE_ONLY___ ═
2022-12-13 14:33:37,671 INFO     ___FILE_ONLY___ ═
2022-12-13 14:33:37,759 INFO     ___FILE_ONLY___ ═
2022-12-13 14:33:37,819 INFO     ___FILE_ONLY___ ═
2022-12-13 14:33:37,880 INFO     ___FILE_ONLY___ ═
2022-12-13 14:33:37,953 INFO     ___FILE_ONLY___ ═
2022-12-13 14:33:38,008 INFO     ___FILE_ONLY___ ═
2022-12-13 14:33:38,061 INFO     ___FILE_ONLY___ ═
2022-12-13 14:33:38,118 INFO     ___FILE_ONLY___ ═
2022-12-13 14:33:38,234 INFO     ___FILE_ONLY___ ═
2022-12-13 14:33:38,275 INFO     ___FILE_ONLY___ ═
2022-12-13 14:33:38,318 INFO     ___FILE_ONLY___ ═
2022-12-13 14:33:38,370 INFO     ___FILE_ONLY___ ═
2022-12-13 14:33:38,425 INFO     ___FILE_ONLY___ ═
2022-12-13 14:33:38,469 INFO     ___FILE_ONLY___ ═
2022-12-13 14:33:38,506 INFO     ___FILE_ONLY___ ═
2022-12-13 14:33:38,556 INFO     ___FILE_ONLY___ ═
2022-12-13 14:33:38,556 INFO     ___FILE_ONLY___ ╝

2022-12-13 14:33:38,650 INFO     ___FILE_ONLY___ ╔════════════════════════════════════════════════════════════╗

2022-12-13 14:33:38,651 INFO     ___FILE_ONLY___ ╠═ Installing: BigQuery Command Line Tool                   ═╣

2022-12-13 14:33:38,651 INFO     ___FILE_ONLY___ ╚
2022-12-13 14:33:38,655 DEBUG    urllib3.connectionpool Starting new HTTPS connection (1): dl.google.com:443
2022-12-13 14:33:38,679 DEBUG    urllib3.connectionpool https://dl.google.com:443 "GET /dl/cloudsdk/channels/rapid/components/google-cloud-sdk-bq-20221205224721.tar.gz HTTP/1.1" 200 1694761
2022-12-13 14:33:38,692 INFO     ___FILE_ONLY___ ═
2022-12-13 14:33:38,692 INFO     ___FILE_ONLY___ ═
2022-12-13 14:33:38,692 INFO     ___FILE_ONLY___ ═
2022-12-13 14:33:38,692 INFO     ___FILE_ONLY___ ═
2022-12-13 14:33:38,693 INFO     ___FILE_ONLY___ ═
2022-12-13 14:33:38,693 INFO     ___FILE_ONLY___ ═
2022-12-13 14:33:38,693 INFO     ___FILE_ONLY___ ═
2022-12-13 14:33:38,693 INFO     ___FILE_ONLY___ ═
2022-12-13 14:33:38,693 INFO     ___FILE_ONLY___ ═
2022-12-13 14:33:38,693 INFO     ___FILE_ONLY___ ═
2022-12-13 14:33:38,694 INFO     ___FILE_ONLY___ ═
2022-12-13 14:33:38,694 INFO     ___FILE_ONLY___ ═
2022-12-13 14:33:38,694 INFO     ___FILE_ONLY___ ═
2022-12-13 14:33:38,694 INFO     ___FILE_ONLY___ ═
2022-12-13 14:33:38,694 INFO     ___FILE_ONLY___ ═
2022-12-13 14:33:38,694 INFO     ___FILE_ONLY___ ═
2022-12-13 14:33:38,694 INFO     ___FILE_ONLY___ ═
2022-12-13 14:33:38,695 INFO     ___FILE_ONLY___ ═
2022-12-13 14:33:38,695 INFO     ___FILE_ONLY___ ═
2022-12-13 14:33:38,695 INFO     ___FILE_ONLY___ ═
2022-12-13 14:33:38,695 INFO     ___FILE_ONLY___ ═
2022-12-13 14:33:38,695 INFO     ___FILE_ONLY___ ═
2022-12-13 14:33:38,695 INFO     ___FILE_ONLY___ ═
2022-12-13 14:33:38,695 INFO     ___FILE_ONLY___ ═
2022-12-13 14:33:38,696 INFO     ___FILE_ONLY___ ═
2022-12-13 14:33:38,696 INFO     ___FILE_ONLY___ ═
2022-12-13 14:33:38,696 INFO     ___FILE_ONLY___ ═
2022-12-13 14:33:38,696 INFO     ___FILE_ONLY___ ═
2022-12-13 14:33:38,696 INFO     ___FILE_ONLY___ ═
2022-12-13 14:33:38,696 INFO     ___FILE_ONLY___ ═
2022-12-13 14:33:38,815 INFO     ___FILE_ONLY___ ═
2022-12-13 14:33:38,819 INFO     ___FILE_ONLY___ ═
2022-12-13 14:33:38,824 INFO     ___FILE_ONLY___ ═
2022-12-13 14:33:38,832 INFO     ___FILE_ONLY___ ═
2022-12-13 14:33:38,836 INFO     ___FILE_ONLY___ ═
2022-12-13 14:33:38,840 INFO     ___FILE_ONLY___ ═
2022-12-13 14:33:38,844 INFO     ___FILE_ONLY___ ═
2022-12-13 14:33:38,849 INFO     ___FILE_ONLY___ ═
2022-12-13 14:33:38,854 INFO     ___FILE_ONLY___ ═
2022-12-13 14:33:38,858 INFO     ___FILE_ONLY___ ═
2022-12-13 14:33:38,863 INFO     ___FILE_ONLY___ ═
2022-12-13 14:33:38,867 INFO     ___FILE_ONLY___ ═
2022-12-13 14:33:38,873 INFO     ___FILE_ONLY___ ═
2022-12-13 14:33:38,879 INFO     ___FILE_ONLY___ ═
2022-12-13 14:33:38,885 INFO     ___FILE_ONLY___ ═
2022-12-13 14:33:38,889 INFO     ___FILE_ONLY___ ═
2022-12-13 14:33:38,893 INFO     ___FILE_ONLY___ ═
2022-12-13 14:33:38,897 INFO     ___FILE_ONLY___ ═
2022-12-13 14:33:38,901 INFO     ___FILE_ONLY___ ═
2022-12-13 14:33:38,906 INFO     ___FILE_ONLY___ ═
2022-12-13 14:33:38,911 INFO     ___FILE_ONLY___ ═
2022-12-13 14:33:38,916 INFO     ___FILE_ONLY___ ═
2022-12-13 14:33:38,920 INFO     ___FILE_ONLY___ ═
2022-12-13 14:33:38,924 INFO     ___FILE_ONLY___ ═
2022-12-13 14:33:38,929 INFO     ___FILE_ONLY___ ═
2022-12-13 14:33:38,934 INFO     ___FILE_ONLY___ ═
2022-12-13 14:33:38,938 INFO     ___FILE_ONLY___ ═
2022-12-13 14:33:38,942 INFO     ___FILE_ONLY___ ═
2022-12-13 14:33:38,947 INFO     ___FILE_ONLY___ ═
2022-12-13 14:33:38,951 INFO     ___FILE_ONLY___ ═
2022-12-13 14:33:38,952 INFO     ___FILE_ONLY___ ╝

2022-12-13 14:33:38,969 INFO     ___FILE_ONLY___ ╔════════════════════════════════════════════════════════════╗

2022-12-13 14:33:38,969 INFO     ___FILE_ONLY___ ╠═ Installing: BigQuery Command Line Tool (Platform Spec... ═╣

2022-12-13 14:33:38,969 INFO     ___FILE_ONLY___ ╚
2022-12-13 14:33:38,974 DEBUG    urllib3.connectionpool Starting new HTTPS connection (1): dl.google.com:443
2022-12-13 14:33:38,994 DEBUG    urllib3.connectionpool https://dl.google.com:443 "GET /dl/cloudsdk/channels/rapid/components/google-cloud-sdk-bq-nix-20220920185015.tar.gz HTTP/1.1" 200 1837
2022-12-13 14:33:38,995 INFO     ___FILE_ONLY___ ══════════════════════════════
2022-12-13 14:33:38,996 INFO     ___FILE_ONLY___ ══════════════════════════════
2022-12-13 14:33:38,996 INFO     ___FILE_ONLY___ ╝

2022-12-13 14:33:39,008 INFO     ___FILE_ONLY___ ╔════════════════════════════════════════════════════════════╗

2022-12-13 14:33:39,009 INFO     ___FILE_ONLY___ ╠═ Installing: Bundled Python 3.9                           ═╣

2022-12-13 14:33:39,009 INFO     ___FILE_ONLY___ ╚
2022-12-13 14:33:39,013 DEBUG    urllib3.connectionpool Starting new HTTPS connection (1): dl.google.com:443
2022-12-13 14:33:39,036 DEBUG    urllib3.connectionpool https://dl.google.com:443 "GET /dl/cloudsdk/channels/rapid/components/google-cloud-sdk-bundled-python3-unix-linux-x86_64-20220506143240.tar.gz HTTP/1.1" 200 65223088
2022-12-13 14:33:39,279 INFO     ___FILE_ONLY___ ═
2022-12-13 14:33:39,283 INFO     ___FILE_ONLY___ ═
2022-12-13 14:33:39,285 INFO     ___FILE_ONLY___ ═
2022-12-13 14:33:39,288 INFO     ___FILE_ONLY___ ═
2022-12-13 14:33:39,291 INFO     ___FILE_ONLY___ ═
2022-12-13 14:33:39,294 INFO     ___FILE_ONLY___ ═
2022-12-13 14:33:39,296 INFO     ___FILE_ONLY___ ═
2022-12-13 14:33:39,299 INFO     ___FILE_ONLY___ ═
2022-12-13 14:33:39,302 INFO     ___FILE_ONLY___ ═
2022-12-13 14:33:39,304 INFO     ___FILE_ONLY___ ═
2022-12-13 14:33:39,307 INFO     ___FILE_ONLY___ ═
2022-12-13 14:33:39,310 INFO     ___FILE_ONLY___ ═
2022-12-13 14:33:39,312 INFO     ___FILE_ONLY___ ═
2022-12-13 14:33:39,315 INFO     ___FILE_ONLY___ ═
2022-12-13 14:33:39,318 INFO     ___FILE_ONLY___ ═
2022-12-13 14:33:39,320 INFO     ___FILE_ONLY___ ═
2022-12-13 14:33:39,323 INFO     ___FILE_ONLY___ ═
2022-12-13 14:33:39,325 INFO     ___FILE_ONLY___ ═
2022-12-13 14:33:39,328 INFO     ___FILE_ONLY___ ═
2022-12-13 14:33:39,331 INFO     ___FILE_ONLY___ ═
2022-12-13 14:33:39,333 INFO     ___FILE_ONLY___ ═
2022-12-13 14:33:39,336 INFO     ___FILE_ONLY___ ═
2022-12-13 14:33:39,338 INFO     ___FILE_ONLY___ ═
2022-12-13 14:33:39,341 INFO     ___FILE_ONLY___ ═
2022-12-13 14:33:39,344 INFO     ___FILE_ONLY___ ═
2022-12-13 14:33:39,346 INFO     ___FILE_ONLY___ ═
2022-12-13 14:33:39,349 INFO     ___FILE_ONLY___ ═
2022-12-13 14:33:39,352 INFO     ___FILE_ONLY___ ═
2022-12-13 14:33:39,355 INFO     ___FILE_ONLY___ ═
2022-12-13 14:33:39,357 INFO     ___FILE_ONLY___ ═
2022-12-13 14:33:41,240 INFO     ___FILE_ONLY___ ═
2022-12-13 14:33:41,255 INFO     ___FILE_ONLY___ ═
2022-12-13 14:33:41,272 INFO     ___FILE_ONLY___ ═
2022-12-13 14:33:41,287 INFO     ___FILE_ONLY___ ═
2022-12-13 14:33:41,303 INFO     ___FILE_ONLY___ ═
2022-12-13 14:33:41,325 INFO     ___FILE_ONLY___ ═
2022-12-13 14:33:41,342 INFO     ___FILE_ONLY___ ═
2022-12-13 14:33:41,368 INFO     ___FILE_ONLY___ ═
2022-12-13 14:33:41,386 INFO     ___FILE_ONLY___ ═
2022-12-13 14:33:41,403 INFO     ___FILE_ONLY___ ═
2022-12-13 14:33:41,425 INFO     ___FILE_ONLY___ ═
2022-12-13 14:33:41,446 INFO     ___FILE_ONLY___ ═
2022-12-13 14:33:41,553 INFO     ___FILE_ONLY___ ═
2022-12-13 14:33:41,568 INFO     ___FILE_ONLY___ ═
2022-12-13 14:33:41,653 INFO     ___FILE_ONLY___ ═
2022-12-13 14:33:41,677 INFO     ___FILE_ONLY___ ═
2022-12-13 14:33:41,692 INFO     ___FILE_ONLY___ ═
2022-12-13 14:33:41,716 INFO     ___FILE_ONLY___ ═
2022-12-13 14:33:41,737 INFO     ___FILE_ONLY___ ═
2022-12-13 14:33:41,777 INFO     ___FILE_ONLY___ ═
2022-12-13 14:33:41,793 INFO     ___FILE_ONLY___ ═
2022-12-13 14:33:41,809 INFO     ___FILE_ONLY___ ═
2022-12-13 14:33:41,826 INFO     ___FILE_ONLY___ ═
2022-12-13 14:33:41,846 INFO     ___FILE_ONLY___ ═
2022-12-13 14:33:41,867 INFO     ___FILE_ONLY___ ═
2022-12-13 14:33:41,888 INFO     ___FILE_ONLY___ ═
2022-12-13 14:33:42,506 INFO     ___FILE_ONLY___ ═
2022-12-13 14:33:42,795 INFO     ___FILE_ONLY___ ═
2022-12-13 14:33:42,809 INFO     ___FILE_ONLY___ ═
2022-12-13 14:33:42,824 INFO     ___FILE_ONLY___ ═
2022-12-13 14:33:42,824 INFO     ___FILE_ONLY___ ╝

2022-12-13 14:33:42,876 INFO     ___FILE_ONLY___ ╔════════════════════════════════════════════════════════════╗

2022-12-13 14:33:42,876 INFO     ___FILE_ONLY___ ╠═ Installing: Bundled Python 3.9                           ═╣

2022-12-13 14:33:42,876 INFO     ___FILE_ONLY___ ╚
2022-12-13 14:33:42,881 INFO     ___FILE_ONLY___ ════════════════════════════════════════════════════════════
2022-12-13 14:33:42,882 INFO     ___FILE_ONLY___ ╝

2022-12-13 14:33:42,888 INFO     ___FILE_ONLY___ ╔════════════════════════════════════════════════════════════╗

2022-12-13 14:33:42,889 INFO     ___FILE_ONLY___ ╠═ Installing: Cloud Storage Command Line Tool              ═╣

2022-12-13 14:33:42,889 INFO     ___FILE_ONLY___ ╚
2022-12-13 14:33:42,893 DEBUG    urllib3.connectionpool Starting new HTTPS connection (1): dl.google.com:443
2022-12-13 14:33:42,917 DEBUG    urllib3.connectionpool https://dl.google.com:443 "GET /dl/cloudsdk/channels/rapid/components/google-cloud-sdk-gsutil-20221205224721.tar.gz HTTP/1.1" 200 16292401
2022-12-13 14:33:42,983 INFO     ___FILE_ONLY___ ═
2022-12-13 14:33:42,984 INFO     ___FILE_ONLY___ ═
2022-12-13 14:33:42,984 INFO     ___FILE_ONLY___ ═
2022-12-13 14:33:42,985 INFO     ___FILE_ONLY___ ═
2022-12-13 14:33:42,986 INFO     ___FILE_ONLY___ ═
2022-12-13 14:33:42,987 INFO     ___FILE_ONLY___ ═
2022-12-13 14:33:42,988 INFO     ___FILE_ONLY___ ═
2022-12-13 14:33:42,989 INFO     ___FILE_ONLY___ ═
2022-12-13 14:33:42,989 INFO     ___FILE_ONLY___ ═
2022-12-13 14:33:42,990 INFO     ___FILE_ONLY___ ═
2022-12-13 14:33:42,991 INFO     ___FILE_ONLY___ ═
2022-12-13 14:33:42,992 INFO     ___FILE_ONLY___ ═
2022-12-13 14:33:42,992 INFO     ___FILE_ONLY___ ═
2022-12-13 14:33:42,993 INFO     ___FILE_ONLY___ ═
2022-12-13 14:33:42,994 INFO     ___FILE_ONLY___ ═
2022-12-13 14:33:42,995 INFO     ___FILE_ONLY___ ═
2022-12-13 14:33:42,996 INFO     ___FILE_ONLY___ ═
2022-12-13 14:33:42,996 INFO     ___FILE_ONLY___ ═
2022-12-13 14:33:42,997 INFO     ___FILE_ONLY___ ═
2022-12-13 14:33:42,998 INFO     ___FILE_ONLY___ ═
2022-12-13 14:33:42,999 INFO     ___FILE_ONLY___ ═
2022-12-13 14:33:42,999 INFO     ___FILE_ONLY___ ═
2022-12-13 14:33:43,000 INFO     ___FILE_ONLY___ ═
2022-12-13 14:33:43,001 INFO     ___FILE_ONLY___ ═
2022-12-13 14:33:43,002 INFO     ___FILE_ONLY___ ═
2022-12-13 14:33:43,002 INFO     ___FILE_ONLY___ ═
2022-12-13 14:33:43,003 INFO     ___FILE_ONLY___ ═
2022-12-13 14:33:43,004 INFO     ___FILE_ONLY___ ═
2022-12-13 14:33:43,005 INFO     ___FILE_ONLY___ ═
2022-12-13 14:33:43,006 INFO     ___FILE_ONLY___ ═
2022-12-13 14:33:44,157 INFO     ___FILE_ONLY___ ═
2022-12-13 14:33:44,205 INFO     ___FILE_ONLY___ ═
2022-12-13 14:33:44,251 INFO     ___FILE_ONLY___ ═
2022-12-13 14:33:44,294 INFO     ___FILE_ONLY___ ═
2022-12-13 14:33:44,362 INFO     ___FILE_ONLY___ ═
2022-12-13 14:33:44,420 INFO     ___FILE_ONLY___ ═
2022-12-13 14:33:44,491 INFO     ___FILE_ONLY___ ═
2022-12-13 14:33:44,544 INFO     ___FILE_ONLY___ ═
2022-12-13 14:33:44,584 INFO     ___FILE_ONLY___ ═
2022-12-13 14:33:44,635 INFO     ___FILE_ONLY___ ═
2022-12-13 14:33:44,685 INFO     ___FILE_ONLY___ ═
2022-12-13 14:33:44,748 INFO     ___FILE_ONLY___ ═
2022-12-13 14:33:44,799 INFO     ___FILE_ONLY___ ═
2022-12-13 14:33:44,854 INFO     ___FILE_ONLY___ ═
2022-12-13 14:33:44,904 INFO     ___FILE_ONLY___ ═
2022-12-13 14:33:44,944 INFO     ___FILE_ONLY___ ═
2022-12-13 14:33:44,993 INFO     ___FILE_ONLY___ ═
2022-12-13 14:33:45,046 INFO     ___FILE_ONLY___ ═
2022-12-13 14:33:45,089 INFO     ___FILE_ONLY___ ═
2022-12-13 14:33:45,134 INFO     ___FILE_ONLY___ ═
2022-12-13 14:33:45,182 INFO     ___FILE_ONLY___ ═
2022-12-13 14:33:45,229 INFO     ___FILE_ONLY___ ═
2022-12-13 14:33:45,284 INFO     ___FILE_ONLY___ ═
2022-12-13 14:33:45,331 INFO     ___FILE_ONLY___ ═
2022-12-13 14:33:45,386 INFO     ___FILE_ONLY___ ═
2022-12-13 14:33:45,440 INFO     ___FILE_ONLY___ ═
2022-12-13 14:33:45,484 INFO     ___FILE_ONLY___ ═
2022-12-13 14:33:45,525 INFO     ___FILE_ONLY___ ═
2022-12-13 14:33:45,566 INFO     ___FILE_ONLY___ ═
2022-12-13 14:33:45,622 INFO     ___FILE_ONLY___ ═
2022-12-13 14:33:45,623 INFO     ___FILE_ONLY___ ╝

2022-12-13 14:33:45,716 INFO     ___FILE_ONLY___ ╔════════════════════════════════════════════════════════════╗

2022-12-13 14:33:45,716 INFO     ___FILE_ONLY___ ╠═ Installing: Cloud Storage Command Line Tool (Platform... ═╣

2022-12-13 14:33:45,716 INFO     ___FILE_ONLY___ ╚
2022-12-13 14:33:45,720 DEBUG    urllib3.connectionpool Starting new HTTPS connection (1): dl.google.com:443
2022-12-13 14:33:45,741 DEBUG    urllib3.connectionpool https://dl.google.com:443 "GET /dl/cloudsdk/channels/rapid/components/google-cloud-sdk-gsutil-nix-20220920185015.tar.gz HTTP/1.1" 200 1851
2022-12-13 14:33:45,742 INFO     ___FILE_ONLY___ ══════════════════════════════
2022-12-13 14:33:45,743 INFO     ___FILE_ONLY___ ══════════════════════════════
2022-12-13 14:33:45,743 INFO     ___FILE_ONLY___ ╝

2022-12-13 14:33:45,756 INFO     ___FILE_ONLY___ ╔════════════════════════════════════════════════════════════╗

2022-12-13 14:33:45,757 INFO     ___FILE_ONLY___ ╠═ Installing: Default set of gcloud commands               ═╣

2022-12-13 14:33:45,757 INFO     ___FILE_ONLY___ ╚
2022-12-13 14:33:45,814 INFO     ___FILE_ONLY___ ════════════════════════════════════════════════════════════
2022-12-13 14:33:45,814 INFO     ___FILE_ONLY___ ╝

2022-12-13 14:33:45,821 INFO     ___FILE_ONLY___ ╔════════════════════════════════════════════════════════════╗

2022-12-13 14:33:45,821 INFO     ___FILE_ONLY___ ╠═ Installing: Google Cloud CLI Core Libraries (Platform... ═╣

2022-12-13 14:33:45,821 INFO     ___FILE_ONLY___ ╚
2022-12-13 14:33:45,825 DEBUG    urllib3.connectionpool Starting new HTTPS connection (1): dl.google.com:443
2022-12-13 14:33:45,846 DEBUG    urllib3.connectionpool https://dl.google.com:443 "GET /dl/cloudsdk/channels/rapid/components/google-cloud-sdk-core-nix-20220920185015.tar.gz HTTP/1.1" 200 2221
2022-12-13 14:33:45,847 INFO     ___FILE_ONLY___ ══════════════════════════════
2022-12-13 14:33:45,849 INFO     ___FILE_ONLY___ ═══════════════
2022-12-13 14:33:45,849 INFO     ___FILE_ONLY___ ═══════════════
2022-12-13 14:33:45,849 INFO     ___FILE_ONLY___ ╝

2022-12-13 14:33:45,862 INFO     ___FILE_ONLY___ ╔════════════════════════════════════════════════════════════╗

2022-12-13 14:33:45,863 INFO     ___FILE_ONLY___ ╠═ Installing: Google Cloud CRC32C Hash Tool                ═╣

2022-12-13 14:33:45,863 INFO     ___FILE_ONLY___ ╚
2022-12-13 14:33:45,867 DEBUG    urllib3.connectionpool Starting new HTTPS connection (1): dl.google.com:443
2022-12-13 14:33:45,889 DEBUG    urllib3.connectionpool https://dl.google.com:443 "GET /dl/cloudsdk/channels/rapid/components/google-cloud-sdk-gcloud-crc32c-linux-x86_64-20221205224721.tar.gz HTTP/1.1" 200 1235322
2022-12-13 14:33:45,900 INFO     ___FILE_ONLY___ ═
2022-12-13 14:33:45,901 INFO     ___FILE_ONLY___ ═
2022-12-13 14:33:45,901 INFO     ___FILE_ONLY___ ═
2022-12-13 14:33:45,901 INFO     ___FILE_ONLY___ ═
2022-12-13 14:33:45,901 INFO     ___FILE_ONLY___ ═
2022-12-13 14:33:45,901 INFO     ___FILE_ONLY___ ═
2022-12-13 14:33:45,902 INFO     ___FILE_ONLY___ ═
2022-12-13 14:33:45,902 INFO     ___FILE_ONLY___ ═
2022-12-13 14:33:45,902 INFO     ___FILE_ONLY___ ═
2022-12-13 14:33:45,902 INFO     ___FILE_ONLY___ ═
2022-12-13 14:33:45,902 INFO     ___FILE_ONLY___ ═
2022-12-13 14:33:45,902 INFO     ___FILE_ONLY___ ═
2022-12-13 14:33:45,902 INFO     ___FILE_ONLY___ ═
2022-12-13 14:33:45,902 INFO     ___FILE_ONLY___ ═
2022-12-13 14:33:45,903 INFO     ___FILE_ONLY___ ═
2022-12-13 14:33:45,903 INFO     ___FILE_ONLY___ ═
2022-12-13 14:33:45,903 INFO     ___FILE_ONLY___ ═
2022-12-13 14:33:45,903 INFO     ___FILE_ONLY___ ═
2022-12-13 14:33:45,903 INFO     ___FILE_ONLY___ ═
2022-12-13 14:33:45,903 INFO     ___FILE_ONLY___ ═
2022-12-13 14:33:45,903 INFO     ___FILE_ONLY___ ═
2022-12-13 14:33:45,904 INFO     ___FILE_ONLY___ ═
2022-12-13 14:33:45,904 INFO     ___FILE_ONLY___ ═
2022-12-13 14:33:45,904 INFO     ___FILE_ONLY___ ═
2022-12-13 14:33:45,904 INFO     ___FILE_ONLY___ ═
2022-12-13 14:33:45,904 INFO     ___FILE_ONLY___ ═
2022-12-13 14:33:45,904 INFO     ___FILE_ONLY___ ═
2022-12-13 14:33:45,904 INFO     ___FILE_ONLY___ ═
2022-12-13 14:33:45,904 INFO     ___FILE_ONLY___ ═
2022-12-13 14:33:45,905 INFO     ___FILE_ONLY___ ═
2022-12-13 14:33:45,939 INFO     ___FILE_ONLY___ ═══════════════
2022-12-13 14:33:45,939 INFO     ___FILE_ONLY___ ═══════════════
2022-12-13 14:33:45,939 INFO     ___FILE_ONLY___ ╝

2022-12-13 14:33:45,953 INFO     ___FILE_ONLY___ ╔════════════════════════════════════════════════════════════╗

2022-12-13 14:33:45,953 INFO     ___FILE_ONLY___ ╠═ Installing: Google Cloud CRC32C Hash Tool                ═╣

2022-12-13 14:33:45,953 INFO     ___FILE_ONLY___ ╚
2022-12-13 14:33:45,958 INFO     ___FILE_ONLY___ ════════════════════════════════════════════════════════════
2022-12-13 14:33:45,959 INFO     ___FILE_ONLY___ ╝

2022-12-13 14:33:45,965 INFO     ___FILE_ONLY___ ╔════════════════════════════════════════════════════════════╗

2022-12-13 14:33:45,965 INFO     ___FILE_ONLY___ ╠═ Installing: anthoscli                                    ═╣

2022-12-13 14:33:45,965 INFO     ___FILE_ONLY___ ╚
2022-12-13 14:33:45,971 INFO     ___FILE_ONLY___ ════════════════════════════════════════════════════════════
2022-12-13 14:33:45,971 INFO     ___FILE_ONLY___ ╝

2022-12-13 14:33:45,977 INFO     ___FILE_ONLY___ ╔════════════════════════════════════════════════════════════╗

2022-12-13 14:33:45,977 INFO     ___FILE_ONLY___ ╠═ Installing: anthoscli                                    ═╣

2022-12-13 14:33:45,977 INFO     ___FILE_ONLY___ ╚
2022-12-13 14:33:45,982 DEBUG    urllib3.connectionpool Starting new HTTPS connection (1): dl.google.com:443
2022-12-13 14:33:46,004 DEBUG    urllib3.connectionpool https://dl.google.com:443 "GET /dl/cloudsdk/channels/rapid/components/google-cloud-sdk-anthoscli-linux-x86_64-20221017194419.tar.gz HTTP/1.1" 200 41007646
2022-12-13 14:33:46,156 INFO     ___FILE_ONLY___ ═
2022-12-13 14:33:46,158 INFO     ___FILE_ONLY___ ═
2022-12-13 14:33:46,160 INFO     ___FILE_ONLY___ ═
2022-12-13 14:33:46,161 INFO     ___FILE_ONLY___ ═
2022-12-13 14:33:46,163 INFO     ___FILE_ONLY___ ═
2022-12-13 14:33:46,165 INFO     ___FILE_ONLY___ ═
2022-12-13 14:33:46,167 INFO     ___FILE_ONLY___ ═
2022-12-13 14:33:46,168 INFO     ___FILE_ONLY___ ═
2022-12-13 14:33:46,170 INFO     ___FILE_ONLY___ ═
2022-12-13 14:33:46,172 INFO     ___FILE_ONLY___ ═
2022-12-13 14:33:46,174 INFO     ___FILE_ONLY___ ═
2022-12-13 14:33:46,175 INFO     ___FILE_ONLY___ ═
2022-12-13 14:33:46,177 INFO     ___FILE_ONLY___ ═
2022-12-13 14:33:46,179 INFO     ___FILE_ONLY___ ═
2022-12-13 14:33:46,181 INFO     ___FILE_ONLY___ ═
2022-12-13 14:33:46,182 INFO     ___FILE_ONLY___ ═
2022-12-13 14:33:46,184 INFO     ___FILE_ONLY___ ═
2022-12-13 14:33:46,186 INFO     ___FILE_ONLY___ ═
2022-12-13 14:33:46,188 INFO     ___FILE_ONLY___ ═
2022-12-13 14:33:46,189 INFO     ___FILE_ONLY___ ═
2022-12-13 14:33:46,191 INFO     ___FILE_ONLY___ ═
2022-12-13 14:33:46,193 INFO     ___FILE_ONLY___ ═
2022-12-13 14:33:46,194 INFO     ___FILE_ONLY___ ═
2022-12-13 14:33:46,196 INFO     ___FILE_ONLY___ ═
2022-12-13 14:33:46,198 INFO     ___FILE_ONLY___ ═
2022-12-13 14:33:46,200 INFO     ___FILE_ONLY___ ═
2022-12-13 14:33:46,201 INFO     ___FILE_ONLY___ ═
2022-12-13 14:33:46,203 INFO     ___FILE_ONLY___ ═
2022-12-13 14:33:46,205 INFO     ___FILE_ONLY___ ═
2022-12-13 14:33:46,206 INFO     ___FILE_ONLY___ ═
2022-12-13 14:33:47,413 INFO     ___FILE_ONLY___ ══════════
2022-12-13 14:33:47,417 INFO     ___FILE_ONLY___ ═════════
2022-12-13 14:33:47,438 INFO     ___FILE_ONLY___ ═══════════
2022-12-13 14:33:47,438 INFO     ___FILE_ONLY___ ╝

2022-12-13 14:33:47,459 INFO     ___FILE_ONLY___ ╔════════════════════════════════════════════════════════════╗

2022-12-13 14:33:47,460 INFO     ___FILE_ONLY___ ╠═ Installing: gcloud cli dependencies                      ═╣

2022-12-13 14:33:47,460 INFO     ___FILE_ONLY___ ╚
2022-12-13 14:33:47,464 DEBUG    urllib3.connectionpool Starting new HTTPS connection (1): dl.google.com:443
2022-12-13 14:33:47,485 DEBUG    urllib3.connectionpool https://dl.google.com:443 "GET /dl/cloudsdk/channels/rapid/components/google-cloud-sdk-gcloud-deps-linux-x86_64-20210416153011.tar.gz HTTP/1.1" 200 104
2022-12-13 14:33:47,486 INFO     ___FILE_ONLY___ ══════════════════════════════
2022-12-13 14:33:47,487 INFO     ___FILE_ONLY___ ══════════════════════════════
2022-12-13 14:33:47,487 INFO     ___FILE_ONLY___ ╝

2022-12-13 14:33:47,500 INFO     ___FILE_ONLY___ ╔════════════════════════════════════════════════════════════╗

2022-12-13 14:33:47,500 INFO     ___FILE_ONLY___ ╠═ Creating backup and activating new installation          ═╣

2022-12-13 14:33:47,500 INFO     ___FILE_ONLY___ ╚
2022-12-13 14:33:47,501 DEBUG    root            Attempting to move directory [/tools/google-cloud-sdk] to [/tools/google-cloud-sdk.staging/.install/.backup]
2022-12-13 14:33:47,501 INFO     ___FILE_ONLY___ ══════════════════════════════
2022-12-13 14:33:47,501 DEBUG    root            Attempting to move directory [/tools/google-cloud-sdk.staging] to [/tools/google-cloud-sdk]
2022-12-13 14:33:47,501 INFO     ___FILE_ONLY___ ══════════════════════════════
2022-12-13 14:33:47,501 INFO     ___FILE_ONLY___ ╝

2022-12-13 14:33:47,506 DEBUG    root            Updating notification cache...
2022-12-13 14:33:47,506 INFO     ___FILE_ONLY___ 

2022-12-13 14:33:47,512 INFO     ___FILE_ONLY___ Performing post processing steps...
2022-12-13 14:33:47,513 DEBUG    root            Executing command: ['python3', '-S', '/tools/google-cloud-sdk/lib/gcloud.py', 'components', 'post-process']
2022-12-13 14:34:14,702 DEBUG    ___FILE_ONLY___ 
2022-12-13 14:34:14,703 DEBUG    ___FILE_ONLY___ 
2022-12-13 14:34:14,807 INFO     ___FILE_ONLY___ 
Update done!


2022-12-13 14:34:14,812 INFO     root            Display format: "none"
