2022-12-13 14:34:15,628 DEBUG    root            Loaded Command Group: ['gcloud', 'components']
2022-12-13 14:34:15,631 DEBUG    root            Loaded Command Group: ['gcloud', 'components', 'update']
2022-12-13 14:34:15,633 DEBUG    root            Running [gcloud.components.update] with arguments: [--quiet: "True", COMPONENT-IDS:8: "['gcloud', 'core', 'bq', 'gsutil', 'compute', 'preview', 'alpha', 'beta']"]
2022-12-13 14:34:15,634 INFO     ___FILE_ONLY___ Beginning update. This process may take several minutes.

2022-12-13 14:34:15,639 DEBUG    urllib3.connectionpool Starting new HTTPS connection (1): dl.google.com:443
2022-12-13 14:34:15,663 DEBUG    urllib3.connectionpool https://dl.google.com:443 "GET /dl/cloudsdk/channels/rapid/components-2.json HTTP/1.1" 200 203441
2022-12-13 14:34:15,679 WARNING  root            Component [preview] no longer exists.
2022-12-13 14:34:15,679 WARNING  root            Component [compute] no longer exists.
2022-12-13 14:34:15,680 INFO     ___FILE_ONLY___ 

2022-12-13 14:34:15,681 INFO     ___FILE_ONLY___ 
Your current Google Cloud CLI version is: 411.0.0

2022-12-13 14:34:15,681 INFO     ___FILE_ONLY___ Installing components from version: 411.0.0

2022-12-13 14:34:15,681 INFO     ___FILE_ONLY___ 

2022-12-13 14:34:15,684 INFO     ___FILE_ONLY___ ┌──────────────────────────────────────────────┐
2022-12-13 14:34:15,684 INFO     ___FILE_ONLY___ 

2022-12-13 14:34:15,684 INFO     ___FILE_ONLY___ │     These components will be installed.      │
2022-12-13 14:34:15,684 INFO     ___FILE_ONLY___ 

2022-12-13 14:34:15,684 INFO     ___FILE_ONLY___ ├───────────────────────┬────────────┬─────────┤
2022-12-13 14:34:15,684 INFO     ___FILE_ONLY___ 

2022-12-13 14:34:15,684 INFO     ___FILE_ONLY___ │          Name         │  Version   │   Size  │
2022-12-13 14:34:15,684 INFO     ___FILE_ONLY___ 

2022-12-13 14:34:15,684 INFO     ___FILE_ONLY___ ├───────────────────────┼────────────┼─────────┤
2022-12-13 14:34:15,685 INFO     ___FILE_ONLY___ 

2022-12-13 14:34:15,685 INFO     ___FILE_ONLY___ │ 
2022-12-13 14:34:15,685 INFO     ___FILE_ONLY___ gcloud Alpha Commands
2022-12-13 14:34:15,685 INFO     ___FILE_ONLY___  
2022-12-13 14:34:15,685 INFO     ___FILE_ONLY___ │ 
2022-12-13 14:34:15,685 INFO     ___FILE_ONLY___ 2022.12.05
2022-12-13 14:34:15,685 INFO     ___FILE_ONLY___  
2022-12-13 14:34:15,685 INFO     ___FILE_ONLY___ │ 
2022-12-13 14:34:15,685 INFO     ___FILE_ONLY___ < 1 MiB
2022-12-13 14:34:15,685 INFO     ___FILE_ONLY___  
2022-12-13 14:34:15,685 INFO     ___FILE_ONLY___ │
2022-12-13 14:34:15,685 INFO     ___FILE_ONLY___ 

2022-12-13 14:34:15,685 INFO     ___FILE_ONLY___ │ 
2022-12-13 14:34:15,685 INFO     ___FILE_ONLY___ gcloud Beta Commands 
2022-12-13 14:34:15,686 INFO     ___FILE_ONLY___  
2022-12-13 14:34:15,686 INFO     ___FILE_ONLY___ │ 
2022-12-13 14:34:15,686 INFO     ___FILE_ONLY___ 2022.12.05
2022-12-13 14:34:15,686 INFO     ___FILE_ONLY___  
2022-12-13 14:34:15,686 INFO     ___FILE_ONLY___ │ 
2022-12-13 14:34:15,686 INFO     ___FILE_ONLY___ < 1 MiB
2022-12-13 14:34:15,686 INFO     ___FILE_ONLY___  
2022-12-13 14:34:15,686 INFO     ___FILE_ONLY___ │
2022-12-13 14:34:15,686 INFO     ___FILE_ONLY___ 

2022-12-13 14:34:15,686 INFO     ___FILE_ONLY___ └───────────────────────┴────────────┴─────────┘
2022-12-13 14:34:15,686 INFO     ___FILE_ONLY___ 

2022-12-13 14:34:15,686 INFO     ___FILE_ONLY___ 

2022-12-13 14:34:15,689 DEBUG    urllib3.connectionpool Starting new HTTPS connection (1): dl.google.com:443
2022-12-13 14:34:15,711 DEBUG    urllib3.connectionpool https://dl.google.com:443 "GET /dl/cloudsdk/channels/rapid/RELEASE_NOTES HTTP/1.1" 200 910010
2022-12-13 14:34:15,739 INFO     ___FILE_ONLY___ For the latest full release notes, please visit:
  https://cloud.google.com/sdk/release_notes


2022-12-13 14:34:15,745 INFO     ___FILE_ONLY___ ╔════════════════════════════════════════════════════════════╗

2022-12-13 14:34:15,745 INFO     ___FILE_ONLY___ ╠═ Creating update staging area                             ═╣

2022-12-13 14:34:15,746 INFO     ___FILE_ONLY___ ╚
2022-12-13 14:34:15,746 INFO     ___FILE_ONLY___ ══════
2022-12-13 14:34:16,392 INFO     ___FILE_ONLY___ ══════
2022-12-13 14:34:16,392 INFO     ___FILE_ONLY___ ══════
2022-12-13 14:34:16,798 INFO     ___FILE_ONLY___ ═
2022-12-13 14:34:16,930 INFO     ___FILE_ONLY___ ═
2022-12-13 14:34:17,060 INFO     ___FILE_ONLY___ ═
2022-12-13 14:34:17,335 INFO     ___FILE_ONLY___ ═
2022-12-13 14:34:17,411 INFO     ___FILE_ONLY___ ═
2022-12-13 14:34:17,503 INFO     ___FILE_ONLY___ ═
2022-12-13 14:34:17,590 INFO     ___FILE_ONLY___ ═
2022-12-13 14:34:17,662 INFO     ___FILE_ONLY___ ═
2022-12-13 14:34:17,735 INFO     ___FILE_ONLY___ ═
2022-12-13 14:34:17,916 INFO     ___FILE_ONLY___ ═
2022-12-13 14:34:17,976 INFO     ___FILE_ONLY___ ═
2022-12-13 14:34:18,066 INFO     ___FILE_ONLY___ ═
2022-12-13 14:34:18,169 INFO     ___FILE_ONLY___ ═
2022-12-13 14:34:18,264 INFO     ___FILE_ONLY___ ═
2022-12-13 14:34:18,351 INFO     ___FILE_ONLY___ ═
2022-12-13 14:34:18,451 INFO     ___FILE_ONLY___ ═
2022-12-13 14:34:18,554 INFO     ___FILE_ONLY___ ═
2022-12-13 14:34:18,832 INFO     ___FILE_ONLY___ ═
2022-12-13 14:34:18,909 INFO     ___FILE_ONLY___ ═
2022-12-13 14:34:19,192 INFO     ___FILE_ONLY___ ═
2022-12-13 14:34:19,287 INFO     ___FILE_ONLY___ ═
2022-12-13 14:34:19,361 INFO     ___FILE_ONLY___ ═
2022-12-13 14:34:19,405 INFO     ___FILE_ONLY___ ═
2022-12-13 14:34:19,439 INFO     ___FILE_ONLY___ ═
2022-12-13 14:34:19,475 INFO     ___FILE_ONLY___ ═
2022-12-13 14:34:19,512 INFO     ___FILE_ONLY___ ═
2022-12-13 14:34:19,643 INFO     ___FILE_ONLY___ ═
2022-12-13 14:34:19,822 INFO     ___FILE_ONLY___ ═
2022-12-13 14:34:19,911 INFO     ___FILE_ONLY___ ═
2022-12-13 14:34:19,963 INFO     ___FILE_ONLY___ ═
2022-12-13 14:34:20,105 INFO     ___FILE_ONLY___ ═
2022-12-13 14:34:20,178 INFO     ___FILE_ONLY___ ═
2022-12-13 14:34:20,245 INFO     ___FILE_ONLY___ ═
2022-12-13 14:34:20,304 INFO     ___FILE_ONLY___ ═
2022-12-13 14:34:20,373 INFO     ___FILE_ONLY___ ═
2022-12-13 14:34:20,434 INFO     ___FILE_ONLY___ ═
2022-12-13 14:34:20,504 INFO     ___FILE_ONLY___ ═
2022-12-13 14:34:20,571 INFO     ___FILE_ONLY___ ═
2022-12-13 14:34:20,630 INFO     ___FILE_ONLY___ ═
2022-12-13 14:34:20,685 INFO     ___FILE_ONLY___ ═
2022-12-13 14:34:20,745 INFO     ___FILE_ONLY___ ═
2022-12-13 14:34:20,804 INFO     ___FILE_ONLY___ ═
2022-12-13 14:34:20,804 INFO     ___FILE_ONLY___ ╝

2022-12-13 14:34:22,965 INFO     ___FILE_ONLY___ ╔════════════════════════════════════════════════════════════╗

2022-12-13 14:34:22,965 INFO     ___FILE_ONLY___ ╠═ Installing: gcloud Alpha Commands                        ═╣

2022-12-13 14:34:22,965 INFO     ___FILE_ONLY___ ╚
2022-12-13 14:34:22,969 DEBUG    urllib3.connectionpool Starting new HTTPS connection (1): dl.google.com:443
2022-12-13 14:34:22,990 DEBUG    urllib3.connectionpool https://dl.google.com:443 "GET /dl/cloudsdk/channels/rapid/components/google-cloud-sdk-alpha-20221205224721.tar.gz HTTP/1.1" 200 800
2022-12-13 14:34:22,991 INFO     ___FILE_ONLY___ ══════════════════════════════
2022-12-13 14:34:22,993 INFO     ___FILE_ONLY___ ══════════════════════════════
2022-12-13 14:34:22,993 INFO     ___FILE_ONLY___ ╝

2022-12-13 14:34:23,007 INFO     ___FILE_ONLY___ ╔════════════════════════════════════════════════════════════╗

2022-12-13 14:34:23,008 INFO     ___FILE_ONLY___ ╠═ Installing: gcloud Beta Commands                         ═╣

2022-12-13 14:34:23,008 INFO     ___FILE_ONLY___ ╚
2022-12-13 14:34:23,012 DEBUG    urllib3.connectionpool Starting new HTTPS connection (1): dl.google.com:443
2022-12-13 14:34:23,032 DEBUG    urllib3.connectionpool https://dl.google.com:443 "GET /dl/cloudsdk/channels/rapid/components/google-cloud-sdk-beta-20221205224721.tar.gz HTTP/1.1" 200 797
2022-12-13 14:34:23,033 INFO     ___FILE_ONLY___ ══════════════════════════════
2022-12-13 14:34:23,034 INFO     ___FILE_ONLY___ ══════════════════════════════
2022-12-13 14:34:23,034 INFO     ___FILE_ONLY___ ╝

2022-12-13 14:34:23,046 INFO     ___FILE_ONLY___ ╔════════════════════════════════════════════════════════════╗

2022-12-13 14:34:23,046 INFO     ___FILE_ONLY___ ╠═ Creating backup and activating new installation          ═╣

2022-12-13 14:34:23,047 INFO     ___FILE_ONLY___ ╚
2022-12-13 14:34:23,047 DEBUG    root            Attempting to move directory [/tools/google-cloud-sdk] to [/tools/google-cloud-sdk.staging/.install/.backup]
2022-12-13 14:34:23,132 INFO     ___FILE_ONLY___ ══════════════════════════════
2022-12-13 14:34:23,133 DEBUG    root            Attempting to move directory [/tools/google-cloud-sdk.staging] to [/tools/google-cloud-sdk]
2022-12-13 14:34:23,133 INFO     ___FILE_ONLY___ ══════════════════════════════
2022-12-13 14:34:23,133 INFO     ___FILE_ONLY___ ╝

2022-12-13 14:34:23,138 DEBUG    root            Updating notification cache...
2022-12-13 14:34:23,138 INFO     ___FILE_ONLY___ 

2022-12-13 14:34:23,145 INFO     ___FILE_ONLY___ Performing post processing steps...
2022-12-13 14:34:23,146 DEBUG    root            Executing command: ['python3', '-S', '/tools/google-cloud-sdk/lib/gcloud.py', 'components', 'post-process']
2022-12-13 14:34:51,053 DEBUG    ___FILE_ONLY___ 
2022-12-13 14:34:51,054 DEBUG    ___FILE_ONLY___ 
2022-12-13 14:34:51,191 INFO     ___FILE_ONLY___ 
Update done!


2022-12-13 14:34:51,195 INFO     root            Display format: "none"
